<?xml version="1.0" encoding="UTF-8"?>
<!-- Generated by org.testng.reporters.JUnitReportReporter -->
<testsuite hostname="hamanth-PC" failures="0" tests="1" name="sdet26.practice2" time="0.016" errors="0" timestamp="2021-12-13T13:21:11 IST" skipped="0">
  <testcase classname="sdet26.practice2" name="practice2" time="0.016"/>
  <system-out/>
</testsuite> <!-- sdet26.practice2 -->
