<?xml version="1.0" encoding="UTF-8"?>
<!-- Generated by org.testng.reporters.JUnitReportReporter -->
<testsuite hostname="hamanth-PC" failures="0" tests="1" name="sdet26.github" time="0.020" errors="0" timestamp="2021-12-10T12:28:03 IST" skipped="0">
  <testcase classname="sdet26.github" name="gitHub" time="0.020"/>
  <system-out/>
</testsuite> <!-- sdet26.github -->
